nohup: ignoring input
── Attaching packages ─────────────────────────────────────── tidyverse 1.2.1 ──
✔ ggplot2 3.3.0     ✔ purrr   0.3.3
✔ tibble  3.0.0     ✔ dplyr   0.8.5
✔ tidyr   1.0.2     ✔ stringr 1.4.0
✔ readr   1.3.1     ✔ forcats 0.4.0
── Conflicts ────────────────────────────────────────── tidyverse_conflicts() ──
✖ dplyr::filter() masks stats::filter()
✖ dplyr::lag()    masks stats::lag()
Loading required package: bigstatsr
Loading required package: stats4
Loading required package: BiocGenerics
Loading required package: parallel

Attaching package: ‘BiocGenerics’

The following objects are masked from ‘package:parallel’:

    clusterApply, clusterApplyLB, clusterCall, clusterEvalQ,
    clusterExport, clusterMap, parApply, parCapply, parLapply,
    parLapplyLB, parRapply, parSapply, parSapplyLB

The following objects are masked from ‘package:dplyr’:

    combine, intersect, setdiff, union

The following objects are masked from ‘package:stats’:

    IQR, mad, sd, var, xtabs

The following objects are masked from ‘package:base’:

    anyDuplicated, append, as.data.frame, basename, cbind, colMeans,
    colnames, colSums, dirname, do.call, duplicated, eval, evalq,
    Filter, Find, get, grep, grepl, intersect, is.unsorted, lapply,
    lengths, Map, mapply, match, mget, order, paste, pmax, pmax.int,
    pmin, pmin.int, Position, rank, rbind, Reduce, rowMeans, rownames,
    rowSums, sapply, setdiff, sort, table, tapply, union, unique,
    unsplit, which, which.max, which.min

Loading required package: Biobase
Welcome to Bioconductor

    Vignettes contain introductory material; view with
    'browseVignettes()'. To cite Bioconductor, see
    'citation("Biobase")', and for packages 'citation("pkgname")'.

Loading required package: IRanges
Loading required package: S4Vectors

Attaching package: ‘S4Vectors’

The following objects are masked from ‘package:dplyr’:

    first, rename

The following object is masked from ‘package:tidyr’:

    expand

The following object is masked from ‘package:base’:

    expand.grid


Attaching package: ‘IRanges’

The following objects are masked from ‘package:dplyr’:

    collapse, desc, slice

The following object is masked from ‘package:purrr’:

    reduce


Attaching package: ‘AnnotationDbi’

The following object is masked from ‘package:dplyr’:

    select

Loading required package: viridisLite

********************************************************
Note: As of version 1.0.0, cowplot does not change the
  default ggplot2 theme anymore. To recover the previous
  behavior, execute:
  theme_set(theme_cowplot())
********************************************************


Attaching package: ‘data.table’

The following object is masked from ‘package:IRanges’:

    shift

The following objects are masked from ‘package:S4Vectors’:

    first, second

The following objects are masked from ‘package:dplyr’:

    between, first, last

The following object is masked from ‘package:purrr’:

    transpose

Loading required package: gridExtra

Attaching package: ‘gridExtra’

The following object is masked from ‘package:Biobase’:

    combine

The following object is masked from ‘package:BiocGenerics’:

    combine

The following object is masked from ‘package:dplyr’:

    combine

Loading required package: GenomicFeatures
Loading required package: GenomeInfoDb
Loading required package: GenomicRanges
Parsed with column specification:
cols(
  pacId = col_double(),
  locusName = col_character(),
  transcriptName = col_character(),
  peptideName = col_character(),
  Pfam = col_character(),
  Panther = col_character(),
  KOG = col_character(),
  ec = col_character(),
  KO = col_character(),
  GO = col_character(),
  `Best-hit-arabi-name` = col_character(),
  `arabi-symbol` = col_character(),
  `arabi-defline` = col_character(),
  `Best-hit-rice-name` = col_character(),
  `rice-symbol` = col_logical(),
  `rice-defline` = col_character()
)
Finished Lambda_GC calculation for BRKG_D2F using 0 PCs.
Finished Lambda_GC calculation for BRKG_D2F using 1 PCs.
Finished Lambda_GC calculation for BRKG_D2F using 2 PCs.
Finished Lambda_GC calculation for BRKG_D2F using 3 PCs.
Finished Lambda_GC calculation for BRKG_D2F using 4 PCs.
Finished Lambda_GC calculation for BRKG_D2F using 5 PCs.
Finished Lambda_GC calculation for BRKG_D2F using 6 PCs.
Finished Lambda_GC calculation for BRKG_D2F using 7 PCs.
Finished Lambda_GC calculation for BRKG_D2F using 8 PCs.
Finished Lambda_GC calculation for BRKG_D2F using 9 PCs.
Finished Lambda_GC calculation for BRKG_D2F using 10 PCs.
Finished Lambda_GC calculation for BRKG_D2F using 11 PCs.
Finished Lambda_GC calculation for BRKG_D2F using 12 PCs.
Finished Lambda_GC calculation for BRKG_D2F using 13 PCs.
Finished Lambda_GC calculation for BRKG_D2F using 14 PCs.
Finished Lambda_GC calculation for BRKG_D2F using 15 PCs.
Finished Lambda_GC calculation for BRKG_D2F using 16 PCs.
Finished Lambda_GC calculation for BRKG_D2F using 17 PCs.
Finished Lambda_GC calculation for BRKG_D2F using 18 PCs.
Finished Lambda_GC calculation for BRKG_D2F using 19 PCs.
Finished Lambda_GC calculation for BRKG_D2F using 20 PCs.
Finished phenotype 1: BRKG_D2F
[1] "saveoutput is FALSE so GWAS object will not be saved to disk."
Loading required namespace: VariantAnnotation
'select()' returned 1:1 mapping between keys and columns
'select()' returned 1:1 mapping between keys and columns
'select()' returned many:1 mapping between keys and columns
'select()' returned many:1 mapping between keys and columns
'select()' returned many:1 mapping between keys and columns
'select()' returned many:1 mapping between keys and columns
'select()' returned 1:1 mapping between keys and columns
'select()' returned many:1 mapping between keys and columns
'select()' returned many:1 mapping between keys and columns
'select()' returned many:1 mapping between keys and columns
'select()' returned 1:1 mapping between keys and columns
'select()' returned many:1 mapping between keys and columns
'select()' returned many:1 mapping between keys and columns
Finished Lambda_GC calculation for CLMB_D2F using 0 PCs.
Finished Lambda_GC calculation for CLMB_D2F using 1 PCs.
Finished Lambda_GC calculation for CLMB_D2F using 2 PCs.
Finished Lambda_GC calculation for CLMB_D2F using 3 PCs.
Finished Lambda_GC calculation for CLMB_D2F using 4 PCs.
Finished Lambda_GC calculation for CLMB_D2F using 5 PCs.
Finished Lambda_GC calculation for CLMB_D2F using 6 PCs.
Finished Lambda_GC calculation for CLMB_D2F using 7 PCs.
Finished Lambda_GC calculation for CLMB_D2F using 8 PCs.
Finished Lambda_GC calculation for CLMB_D2F using 9 PCs.
Finished Lambda_GC calculation for CLMB_D2F using 10 PCs.
Finished Lambda_GC calculation for CLMB_D2F using 11 PCs.
Finished Lambda_GC calculation for CLMB_D2F using 12 PCs.
Finished Lambda_GC calculation for CLMB_D2F using 13 PCs.
Finished Lambda_GC calculation for CLMB_D2F using 14 PCs.
Finished Lambda_GC calculation for CLMB_D2F using 15 PCs.
Finished Lambda_GC calculation for CLMB_D2F using 16 PCs.
Finished Lambda_GC calculation for CLMB_D2F using 17 PCs.
Finished Lambda_GC calculation for CLMB_D2F using 18 PCs.
Finished Lambda_GC calculation for CLMB_D2F using 19 PCs.
Finished Lambda_GC calculation for CLMB_D2F using 20 PCs.
Finished phenotype 1: CLMB_D2F
[1] "saveoutput is FALSE so GWAS object will not be saved to disk."
'select()' returned many:1 mapping between keys and columns
'select()' returned many:1 mapping between keys and columns
'select()' returned 1:1 mapping between keys and columns
'select()' returned many:1 mapping between keys and columns
'select()' returned many:1 mapping between keys and columns
'select()' returned many:1 mapping between keys and columns
'select()' returned many:1 mapping between keys and columns
'select()' returned many:1 mapping between keys and columns
'select()' returned 1:1 mapping between keys and columns
'select()' returned many:1 mapping between keys and columns
'select()' returned many:1 mapping between keys and columns
'select()' returned many:1 mapping between keys and columns
'select()' returned many:1 mapping between keys and columns
'select()' returned many:1 mapping between keys and columns
'select()' returned many:1 mapping between keys and columns
Finished Lambda_GC calculation for FRMI_D2F using 0 PCs.
Finished Lambda_GC calculation for FRMI_D2F using 1 PCs.
Finished Lambda_GC calculation for FRMI_D2F using 2 PCs.
Finished Lambda_GC calculation for FRMI_D2F using 3 PCs.
Finished Lambda_GC calculation for FRMI_D2F using 4 PCs.
Finished Lambda_GC calculation for FRMI_D2F using 5 PCs.
Finished Lambda_GC calculation for FRMI_D2F using 6 PCs.
Finished Lambda_GC calculation for FRMI_D2F using 7 PCs.
Finished Lambda_GC calculation for FRMI_D2F using 8 PCs.
Finished Lambda_GC calculation for FRMI_D2F using 9 PCs.
Finished Lambda_GC calculation for FRMI_D2F using 10 PCs.
Finished Lambda_GC calculation for FRMI_D2F using 11 PCs.
Finished Lambda_GC calculation for FRMI_D2F using 12 PCs.
Finished Lambda_GC calculation for FRMI_D2F using 13 PCs.
Finished Lambda_GC calculation for FRMI_D2F using 14 PCs.
Finished Lambda_GC calculation for FRMI_D2F using 15 PCs.
Finished Lambda_GC calculation for FRMI_D2F using 16 PCs.
Finished Lambda_GC calculation for FRMI_D2F using 17 PCs.
Finished Lambda_GC calculation for FRMI_D2F using 18 PCs.
Finished Lambda_GC calculation for FRMI_D2F using 19 PCs.
Finished Lambda_GC calculation for FRMI_D2F using 20 PCs.
Finished phenotype 1: FRMI_D2F
[1] "saveoutput is FALSE so GWAS object will not be saved to disk."
'select()' returned 1:1 mapping between keys and columns
'select()' returned 1:1 mapping between keys and columns
'select()' returned 1:1 mapping between keys and columns
'select()' returned 1:1 mapping between keys and columns
'select()' returned 1:1 mapping between keys and columns
'select()' returned many:1 mapping between keys and columns
'select()' returned 1:1 mapping between keys and columns
'select()' returned 1:1 mapping between keys and columns
'select()' returned many:1 mapping between keys and columns
'select()' returned 1:1 mapping between keys and columns
Finished Lambda_GC calculation for KBSM_D2F using 0 PCs.
Finished Lambda_GC calculation for KBSM_D2F using 1 PCs.
Finished Lambda_GC calculation for KBSM_D2F using 2 PCs.
Finished Lambda_GC calculation for KBSM_D2F using 3 PCs.
Finished Lambda_GC calculation for KBSM_D2F using 4 PCs.
Finished Lambda_GC calculation for KBSM_D2F using 5 PCs.
Finished Lambda_GC calculation for KBSM_D2F using 6 PCs.
Finished Lambda_GC calculation for KBSM_D2F using 7 PCs.
Finished Lambda_GC calculation for KBSM_D2F using 8 PCs.
Finished Lambda_GC calculation for KBSM_D2F using 9 PCs.
Finished Lambda_GC calculation for KBSM_D2F using 10 PCs.
Finished Lambda_GC calculation for KBSM_D2F using 11 PCs.
Finished Lambda_GC calculation for KBSM_D2F using 12 PCs.
Finished Lambda_GC calculation for KBSM_D2F using 13 PCs.
Finished Lambda_GC calculation for KBSM_D2F using 14 PCs.
Finished Lambda_GC calculation for KBSM_D2F using 15 PCs.
Finished Lambda_GC calculation for KBSM_D2F using 16 PCs.
Finished Lambda_GC calculation for KBSM_D2F using 17 PCs.
Finished Lambda_GC calculation for KBSM_D2F using 18 PCs.
Finished Lambda_GC calculation for KBSM_D2F using 19 PCs.
Finished Lambda_GC calculation for KBSM_D2F using 20 PCs.
Finished phenotype 1: KBSM_D2F
[1] "saveoutput is FALSE so GWAS object will not be saved to disk."
'select()' returned 1:1 mapping between keys and columns
'select()' returned many:1 mapping between keys and columns
'select()' returned 1:1 mapping between keys and columns
'select()' returned many:1 mapping between keys and columns
'select()' returned many:1 mapping between keys and columns
'select()' returned many:1 mapping between keys and columns
'select()' returned 1:1 mapping between keys and columns
'select()' returned many:1 mapping between keys and columns
'select()' returned many:1 mapping between keys and columns
'select()' returned many:1 mapping between keys and columns
'select()' returned many:1 mapping between keys and columns
Finished Lambda_GC calculation for KING_D2F using 0 PCs.
Finished Lambda_GC calculation for KING_D2F using 1 PCs.
Finished Lambda_GC calculation for KING_D2F using 2 PCs.
Finished Lambda_GC calculation for KING_D2F using 3 PCs.
Finished Lambda_GC calculation for KING_D2F using 4 PCs.
Finished Lambda_GC calculation for KING_D2F using 5 PCs.
Finished Lambda_GC calculation for KING_D2F using 6 PCs.
Finished Lambda_GC calculation for KING_D2F using 7 PCs.
Finished Lambda_GC calculation for KING_D2F using 8 PCs.
Finished Lambda_GC calculation for KING_D2F using 9 PCs.
Finished Lambda_GC calculation for KING_D2F using 10 PCs.
Finished Lambda_GC calculation for KING_D2F using 11 PCs.
Finished Lambda_GC calculation for KING_D2F using 12 PCs.
Finished Lambda_GC calculation for KING_D2F using 13 PCs.
Finished Lambda_GC calculation for KING_D2F using 14 PCs.
Finished Lambda_GC calculation for KING_D2F using 15 PCs.
Finished Lambda_GC calculation for KING_D2F using 16 PCs.
Finished Lambda_GC calculation for KING_D2F using 17 PCs.
Finished Lambda_GC calculation for KING_D2F using 18 PCs.
Finished Lambda_GC calculation for KING_D2F using 19 PCs.
Finished Lambda_GC calculation for KING_D2F using 20 PCs.
Finished phenotype 1: KING_D2F
[1] "saveoutput is FALSE so GWAS object will not be saved to disk."
'select()' returned many:1 mapping between keys and columns
'select()' returned many:1 mapping between keys and columns
'select()' returned 1:1 mapping between keys and columns
'select()' returned many:1 mapping between keys and columns
'select()' returned many:1 mapping between keys and columns
'select()' returned many:1 mapping between keys and columns
'select()' returned many:1 mapping between keys and columns
'select()' returned many:1 mapping between keys and columns
'select()' returned many:1 mapping between keys and columns
'select()' returned many:1 mapping between keys and columns
Finished Lambda_GC calculation for LINC_D2F using 0 PCs.
Finished Lambda_GC calculation for LINC_D2F using 1 PCs.
Finished Lambda_GC calculation for LINC_D2F using 2 PCs.
Finished Lambda_GC calculation for LINC_D2F using 3 PCs.
Finished Lambda_GC calculation for LINC_D2F using 4 PCs.
Finished Lambda_GC calculation for LINC_D2F using 5 PCs.
Finished Lambda_GC calculation for LINC_D2F using 6 PCs.
Finished Lambda_GC calculation for LINC_D2F using 7 PCs.
Finished Lambda_GC calculation for LINC_D2F using 8 PCs.
Finished Lambda_GC calculation for LINC_D2F using 9 PCs.
Finished Lambda_GC calculation for LINC_D2F using 10 PCs.
Finished Lambda_GC calculation for LINC_D2F using 11 PCs.
Finished Lambda_GC calculation for LINC_D2F using 12 PCs.
Finished Lambda_GC calculation for LINC_D2F using 13 PCs.
Finished Lambda_GC calculation for LINC_D2F using 14 PCs.
Finished Lambda_GC calculation for LINC_D2F using 15 PCs.
Finished Lambda_GC calculation for LINC_D2F using 16 PCs.
Finished Lambda_GC calculation for LINC_D2F using 17 PCs.
Finished Lambda_GC calculation for LINC_D2F using 18 PCs.
Finished Lambda_GC calculation for LINC_D2F using 19 PCs.
Finished Lambda_GC calculation for LINC_D2F using 20 PCs.
Finished phenotype 1: LINC_D2F
[1] "saveoutput is FALSE so GWAS object will not be saved to disk."
'select()' returned many:1 mapping between keys and columns
'select()' returned 1:1 mapping between keys and columns
'select()' returned 1:1 mapping between keys and columns
'select()' returned 1:1 mapping between keys and columns
'select()' returned many:1 mapping between keys and columns
'select()' returned many:1 mapping between keys and columns
'select()' returned many:1 mapping between keys and columns
Finished Lambda_GC calculation for PKLE_D2F using 0 PCs.
Finished Lambda_GC calculation for PKLE_D2F using 1 PCs.
Finished Lambda_GC calculation for PKLE_D2F using 2 PCs.
Finished Lambda_GC calculation for PKLE_D2F using 3 PCs.
Finished Lambda_GC calculation for PKLE_D2F using 4 PCs.
Finished Lambda_GC calculation for PKLE_D2F using 5 PCs.
Finished Lambda_GC calculation for PKLE_D2F using 6 PCs.
Finished Lambda_GC calculation for PKLE_D2F using 7 PCs.
Finished Lambda_GC calculation for PKLE_D2F using 8 PCs.
Finished Lambda_GC calculation for PKLE_D2F using 9 PCs.
Finished Lambda_GC calculation for PKLE_D2F using 10 PCs.
Finished Lambda_GC calculation for PKLE_D2F using 11 PCs.
Finished Lambda_GC calculation for PKLE_D2F using 12 PCs.
Finished Lambda_GC calculation for PKLE_D2F using 13 PCs.
Finished Lambda_GC calculation for PKLE_D2F using 14 PCs.
Finished Lambda_GC calculation for PKLE_D2F using 15 PCs.
Finished Lambda_GC calculation for PKLE_D2F using 16 PCs.
Finished Lambda_GC calculation for PKLE_D2F using 17 PCs.
Finished Lambda_GC calculation for PKLE_D2F using 18 PCs.
Finished Lambda_GC calculation for PKLE_D2F using 19 PCs.
Finished Lambda_GC calculation for PKLE_D2F using 20 PCs.
Finished phenotype 1: PKLE_D2F
[1] "saveoutput is FALSE so GWAS object will not be saved to disk."
'select()' returned 1:1 mapping between keys and columns
'select()' returned 1:1 mapping between keys and columns
'select()' returned 1:1 mapping between keys and columns
'select()' returned many:1 mapping between keys and columns
'select()' returned many:1 mapping between keys and columns
'select()' returned many:1 mapping between keys and columns
'select()' returned many:1 mapping between keys and columns
'select()' returned many:1 mapping between keys and columns
'select()' returned 1:1 mapping between keys and columns
'select()' returned many:1 mapping between keys and columns
'select()' returned many:1 mapping between keys and columns
'select()' returned many:1 mapping between keys and columns
'select()' returned many:1 mapping between keys and columns
Finished Lambda_GC calculation for STIL_D2F using 0 PCs.
Finished Lambda_GC calculation for STIL_D2F using 1 PCs.
Finished Lambda_GC calculation for STIL_D2F using 2 PCs.
Finished Lambda_GC calculation for STIL_D2F using 3 PCs.
Finished Lambda_GC calculation for STIL_D2F using 4 PCs.
Finished Lambda_GC calculation for STIL_D2F using 5 PCs.
Finished Lambda_GC calculation for STIL_D2F using 6 PCs.
Finished Lambda_GC calculation for STIL_D2F using 7 PCs.
Finished Lambda_GC calculation for STIL_D2F using 8 PCs.
Finished Lambda_GC calculation for STIL_D2F using 9 PCs.
Finished Lambda_GC calculation for STIL_D2F using 10 PCs.
Finished Lambda_GC calculation for STIL_D2F using 11 PCs.
Finished Lambda_GC calculation for STIL_D2F using 12 PCs.
Finished Lambda_GC calculation for STIL_D2F using 13 PCs.
Finished Lambda_GC calculation for STIL_D2F using 14 PCs.
Finished Lambda_GC calculation for STIL_D2F using 15 PCs.
Finished Lambda_GC calculation for STIL_D2F using 16 PCs.
Finished Lambda_GC calculation for STIL_D2F using 17 PCs.
Finished Lambda_GC calculation for STIL_D2F using 18 PCs.
Finished Lambda_GC calculation for STIL_D2F using 19 PCs.
Finished Lambda_GC calculation for STIL_D2F using 20 PCs.
Finished phenotype 1: STIL_D2F
[1] "saveoutput is FALSE so GWAS object will not be saved to disk."
'select()' returned 1:1 mapping between keys and columns
'select()' returned 1:1 mapping between keys and columns
'select()' returned 1:1 mapping between keys and columns
'select()' returned many:1 mapping between keys and columns
'select()' returned 1:1 mapping between keys and columns
'select()' returned many:1 mapping between keys and columns
'select()' returned many:1 mapping between keys and columns
'select()' returned many:1 mapping between keys and columns
'select()' returned many:1 mapping between keys and columns
'select()' returned many:1 mapping between keys and columns
Finished Lambda_GC calculation for TMPL_D2F using 0 PCs.
Finished Lambda_GC calculation for TMPL_D2F using 1 PCs.
Finished Lambda_GC calculation for TMPL_D2F using 2 PCs.
Finished Lambda_GC calculation for TMPL_D2F using 3 PCs.
Finished Lambda_GC calculation for TMPL_D2F using 4 PCs.
Finished Lambda_GC calculation for TMPL_D2F using 5 PCs.
Finished Lambda_GC calculation for TMPL_D2F using 6 PCs.
Finished Lambda_GC calculation for TMPL_D2F using 7 PCs.
Finished Lambda_GC calculation for TMPL_D2F using 8 PCs.
Finished Lambda_GC calculation for TMPL_D2F using 9 PCs.
Finished Lambda_GC calculation for TMPL_D2F using 10 PCs.
Finished Lambda_GC calculation for TMPL_D2F using 11 PCs.
Finished Lambda_GC calculation for TMPL_D2F using 12 PCs.
Finished Lambda_GC calculation for TMPL_D2F using 13 PCs.
Finished Lambda_GC calculation for TMPL_D2F using 14 PCs.
Finished Lambda_GC calculation for TMPL_D2F using 15 PCs.
Finished Lambda_GC calculation for TMPL_D2F using 16 PCs.
Finished Lambda_GC calculation for TMPL_D2F using 17 PCs.
Finished Lambda_GC calculation for TMPL_D2F using 18 PCs.
Finished Lambda_GC calculation for TMPL_D2F using 19 PCs.
Finished Lambda_GC calculation for TMPL_D2F using 20 PCs.
Finished phenotype 1: TMPL_D2F
[1] "saveoutput is FALSE so GWAS object will not be saved to disk."
'select()' returned 1:1 mapping between keys and columns
'select()' returned 1:1 mapping between keys and columns
'select()' returned many:1 mapping between keys and columns
'select()' returned many:1 mapping between keys and columns
'select()' returned many:1 mapping between keys and columns
'select()' returned many:1 mapping between keys and columns
'select()' returned 1:1 mapping between keys and columns
'select()' returned 1:1 mapping between keys and columns
'select()' returned many:1 mapping between keys and columns
'select()' returned many:1 mapping between keys and columns
'select()' returned 1:1 mapping between keys and columns
'select()' returned 1:1 mapping between keys and columns
'select()' returned many:1 mapping between keys and columns
'select()' returned many:1 mapping between keys and columns
Finished Lambda_GC calculation for BRKG_FL50 using 0 PCs.
Finished Lambda_GC calculation for BRKG_FL50 using 1 PCs.
Finished Lambda_GC calculation for BRKG_FL50 using 2 PCs.
Finished Lambda_GC calculation for BRKG_FL50 using 3 PCs.
Finished Lambda_GC calculation for BRKG_FL50 using 4 PCs.
Finished Lambda_GC calculation for BRKG_FL50 using 5 PCs.
Finished Lambda_GC calculation for BRKG_FL50 using 6 PCs.
Finished Lambda_GC calculation for BRKG_FL50 using 7 PCs.
Finished Lambda_GC calculation for BRKG_FL50 using 8 PCs.
Finished Lambda_GC calculation for BRKG_FL50 using 9 PCs.
Finished Lambda_GC calculation for BRKG_FL50 using 10 PCs.
Finished Lambda_GC calculation for BRKG_FL50 using 11 PCs.
Finished Lambda_GC calculation for BRKG_FL50 using 12 PCs.
Finished Lambda_GC calculation for BRKG_FL50 using 13 PCs.
Finished Lambda_GC calculation for BRKG_FL50 using 14 PCs.
Finished Lambda_GC calculation for BRKG_FL50 using 15 PCs.
Finished Lambda_GC calculation for BRKG_FL50 using 16 PCs.
Finished Lambda_GC calculation for BRKG_FL50 using 17 PCs.
Finished Lambda_GC calculation for BRKG_FL50 using 18 PCs.
Finished Lambda_GC calculation for BRKG_FL50 using 19 PCs.
Finished Lambda_GC calculation for BRKG_FL50 using 20 PCs.
Finished phenotype 1: BRKG_FL50
[1] "saveoutput is FALSE so GWAS object will not be saved to disk."
'select()' returned 1:1 mapping between keys and columns
'select()' returned 1:1 mapping between keys and columns
'select()' returned many:1 mapping between keys and columns
'select()' returned many:1 mapping between keys and columns
'select()' returned many:1 mapping between keys and columns
'select()' returned many:1 mapping between keys and columns
'select()' returned many:1 mapping between keys and columns
'select()' returned 1:1 mapping between keys and columns
'select()' returned many:1 mapping between keys and columns
'select()' returned 1:1 mapping between keys and columns
'select()' returned many:1 mapping between keys and columns
'select()' returned many:1 mapping between keys and columns
'select()' returned many:1 mapping between keys and columns
'select()' returned many:1 mapping between keys and columns
Finished Lambda_GC calculation for CLMB_FL50 using 0 PCs.
Finished Lambda_GC calculation for CLMB_FL50 using 1 PCs.
Finished Lambda_GC calculation for CLMB_FL50 using 2 PCs.
Finished Lambda_GC calculation for CLMB_FL50 using 3 PCs.
Finished Lambda_GC calculation for CLMB_FL50 using 4 PCs.
Finished Lambda_GC calculation for CLMB_FL50 using 5 PCs.
Finished Lambda_GC calculation for CLMB_FL50 using 6 PCs.
Finished Lambda_GC calculation for CLMB_FL50 using 7 PCs.
Finished Lambda_GC calculation for CLMB_FL50 using 8 PCs.
Finished Lambda_GC calculation for CLMB_FL50 using 9 PCs.
Finished Lambda_GC calculation for CLMB_FL50 using 10 PCs.
Finished Lambda_GC calculation for CLMB_FL50 using 11 PCs.
Finished Lambda_GC calculation for CLMB_FL50 using 12 PCs.
Finished Lambda_GC calculation for CLMB_FL50 using 13 PCs.
Finished Lambda_GC calculation for CLMB_FL50 using 14 PCs.
Finished Lambda_GC calculation for CLMB_FL50 using 15 PCs.
Finished Lambda_GC calculation for CLMB_FL50 using 16 PCs.
Finished Lambda_GC calculation for CLMB_FL50 using 17 PCs.
Finished Lambda_GC calculation for CLMB_FL50 using 18 PCs.
Finished Lambda_GC calculation for CLMB_FL50 using 19 PCs.
Finished Lambda_GC calculation for CLMB_FL50 using 20 PCs.
Finished phenotype 1: CLMB_FL50
[1] "saveoutput is FALSE so GWAS object will not be saved to disk."
'select()' returned many:1 mapping between keys and columns
'select()' returned many:1 mapping between keys and columns
'select()' returned many:1 mapping between keys and columns
'select()' returned many:1 mapping between keys and columns
'select()' returned many:1 mapping between keys and columns
'select()' returned many:1 mapping between keys and columns
'select()' returned 1:1 mapping between keys and columns
'select()' returned many:1 mapping between keys and columns
'select()' returned many:1 mapping between keys and columns
'select()' returned many:1 mapping between keys and columns
'select()' returned many:1 mapping between keys and columns
Finished Lambda_GC calculation for FRMI_FL50 using 0 PCs.
Finished Lambda_GC calculation for FRMI_FL50 using 1 PCs.
Finished Lambda_GC calculation for FRMI_FL50 using 2 PCs.
Finished Lambda_GC calculation for FRMI_FL50 using 3 PCs.
Finished Lambda_GC calculation for FRMI_FL50 using 4 PCs.
Finished Lambda_GC calculation for FRMI_FL50 using 5 PCs.
Finished Lambda_GC calculation for FRMI_FL50 using 6 PCs.
Finished Lambda_GC calculation for FRMI_FL50 using 7 PCs.
Finished Lambda_GC calculation for FRMI_FL50 using 8 PCs.
Finished Lambda_GC calculation for FRMI_FL50 using 9 PCs.
Finished Lambda_GC calculation for FRMI_FL50 using 10 PCs.
Finished Lambda_GC calculation for FRMI_FL50 using 11 PCs.
Finished Lambda_GC calculation for FRMI_FL50 using 12 PCs.
Finished Lambda_GC calculation for FRMI_FL50 using 13 PCs.
Finished Lambda_GC calculation for FRMI_FL50 using 14 PCs.
Finished Lambda_GC calculation for FRMI_FL50 using 15 PCs.
Finished Lambda_GC calculation for FRMI_FL50 using 16 PCs.
Finished Lambda_GC calculation for FRMI_FL50 using 17 PCs.
Finished Lambda_GC calculation for FRMI_FL50 using 18 PCs.
Finished Lambda_GC calculation for FRMI_FL50 using 19 PCs.
Finished Lambda_GC calculation for FRMI_FL50 using 20 PCs.
Finished phenotype 1: FRMI_FL50
[1] "saveoutput is FALSE so GWAS object will not be saved to disk."
'select()' returned 1:1 mapping between keys and columns
'select()' returned 1:1 mapping between keys and columns
'select()' returned 1:1 mapping between keys and columns
'select()' returned many:1 mapping between keys and columns
'select()' returned many:1 mapping between keys and columns
'select()' returned many:1 mapping between keys and columns
'select()' returned many:1 mapping between keys and columns
'select()' returned many:1 mapping between keys and columns
'select()' returned many:1 mapping between keys and columns
'select()' returned many:1 mapping between keys and columns
'select()' returned many:1 mapping between keys and columns
'select()' returned many:1 mapping between keys and columns
Finished Lambda_GC calculation for KBSM_FL50 using 0 PCs.
Finished Lambda_GC calculation for KBSM_FL50 using 1 PCs.
Finished Lambda_GC calculation for KBSM_FL50 using 2 PCs.
Finished Lambda_GC calculation for KBSM_FL50 using 3 PCs.
Finished Lambda_GC calculation for KBSM_FL50 using 4 PCs.
Finished Lambda_GC calculation for KBSM_FL50 using 5 PCs.
Finished Lambda_GC calculation for KBSM_FL50 using 6 PCs.
Finished Lambda_GC calculation for KBSM_FL50 using 7 PCs.
Finished Lambda_GC calculation for KBSM_FL50 using 8 PCs.
Finished Lambda_GC calculation for KBSM_FL50 using 9 PCs.
Finished Lambda_GC calculation for KBSM_FL50 using 10 PCs.
Finished Lambda_GC calculation for KBSM_FL50 using 11 PCs.
Finished Lambda_GC calculation for KBSM_FL50 using 12 PCs.
Finished Lambda_GC calculation for KBSM_FL50 using 13 PCs.
Finished Lambda_GC calculation for KBSM_FL50 using 14 PCs.
Finished Lambda_GC calculation for KBSM_FL50 using 15 PCs.
Finished Lambda_GC calculation for KBSM_FL50 using 16 PCs.
Finished Lambda_GC calculation for KBSM_FL50 using 17 PCs.
Finished Lambda_GC calculation for KBSM_FL50 using 18 PCs.
Finished Lambda_GC calculation for KBSM_FL50 using 19 PCs.
Finished Lambda_GC calculation for KBSM_FL50 using 20 PCs.
Finished phenotype 1: KBSM_FL50
[1] "saveoutput is FALSE so GWAS object will not be saved to disk."
'select()' returned 1:1 mapping between keys and columns
'select()' returned 1:1 mapping between keys and columns
'select()' returned 1:1 mapping between keys and columns
'select()' returned many:1 mapping between keys and columns
'select()' returned many:1 mapping between keys and columns
'select()' returned many:1 mapping between keys and columns
'select()' returned many:1 mapping between keys and columns
'select()' returned 1:1 mapping between keys and columns
'select()' returned many:1 mapping between keys and columns
'select()' returned many:1 mapping between keys and columns
'select()' returned many:1 mapping between keys and columns
'select()' returned many:1 mapping between keys and columns
Finished Lambda_GC calculation for KING_FL50 using 0 PCs.
Finished Lambda_GC calculation for KING_FL50 using 1 PCs.
Finished Lambda_GC calculation for KING_FL50 using 2 PCs.
Finished Lambda_GC calculation for KING_FL50 using 3 PCs.
Finished Lambda_GC calculation for KING_FL50 using 4 PCs.
Finished Lambda_GC calculation for KING_FL50 using 5 PCs.
Finished Lambda_GC calculation for KING_FL50 using 6 PCs.
Finished Lambda_GC calculation for KING_FL50 using 7 PCs.
Finished Lambda_GC calculation for KING_FL50 using 8 PCs.
Finished Lambda_GC calculation for KING_FL50 using 9 PCs.
Finished Lambda_GC calculation for KING_FL50 using 10 PCs.
Finished Lambda_GC calculation for KING_FL50 using 11 PCs.
Finished Lambda_GC calculation for KING_FL50 using 12 PCs.
Finished Lambda_GC calculation for KING_FL50 using 13 PCs.
Finished Lambda_GC calculation for KING_FL50 using 14 PCs.
Finished Lambda_GC calculation for KING_FL50 using 15 PCs.
Finished Lambda_GC calculation for KING_FL50 using 16 PCs.
Finished Lambda_GC calculation for KING_FL50 using 17 PCs.
Finished Lambda_GC calculation for KING_FL50 using 18 PCs.
Finished Lambda_GC calculation for KING_FL50 using 19 PCs.
Finished Lambda_GC calculation for KING_FL50 using 20 PCs.
Finished phenotype 1: KING_FL50
[1] "saveoutput is FALSE so GWAS object will not be saved to disk."
'select()' returned many:1 mapping between keys and columns
'select()' returned many:1 mapping between keys and columns
'select()' returned 1:1 mapping between keys and columns
'select()' returned many:1 mapping between keys and columns
'select()' returned many:1 mapping between keys and columns
'select()' returned many:1 mapping between keys and columns
'select()' returned many:1 mapping between keys and columns
'select()' returned many:1 mapping between keys and columns
'select()' returned many:1 mapping between keys and columns
'select()' returned many:1 mapping between keys and columns
Finished Lambda_GC calculation for LINC_FL50 using 0 PCs.
Finished Lambda_GC calculation for LINC_FL50 using 1 PCs.
Finished Lambda_GC calculation for LINC_FL50 using 2 PCs.
Finished Lambda_GC calculation for LINC_FL50 using 3 PCs.
Finished Lambda_GC calculation for LINC_FL50 using 4 PCs.
Finished Lambda_GC calculation for LINC_FL50 using 5 PCs.
Finished Lambda_GC calculation for LINC_FL50 using 6 PCs.
Finished Lambda_GC calculation for LINC_FL50 using 7 PCs.
Finished Lambda_GC calculation for LINC_FL50 using 8 PCs.
Finished Lambda_GC calculation for LINC_FL50 using 9 PCs.
Finished Lambda_GC calculation for LINC_FL50 using 10 PCs.
Finished Lambda_GC calculation for LINC_FL50 using 11 PCs.
Finished Lambda_GC calculation for LINC_FL50 using 12 PCs.
Finished Lambda_GC calculation for LINC_FL50 using 13 PCs.
Finished Lambda_GC calculation for LINC_FL50 using 14 PCs.
Finished Lambda_GC calculation for LINC_FL50 using 15 PCs.
Finished Lambda_GC calculation for LINC_FL50 using 16 PCs.
Finished Lambda_GC calculation for LINC_FL50 using 17 PCs.
Finished Lambda_GC calculation for LINC_FL50 using 18 PCs.
Finished Lambda_GC calculation for LINC_FL50 using 19 PCs.
Finished Lambda_GC calculation for LINC_FL50 using 20 PCs.
Finished phenotype 1: LINC_FL50
[1] "saveoutput is FALSE so GWAS object will not be saved to disk."
'select()' returned many:1 mapping between keys and columns
'select()' returned many:1 mapping between keys and columns
'select()' returned 1:1 mapping between keys and columns
'select()' returned many:1 mapping between keys and columns
'select()' returned 1:1 mapping between keys and columns
'select()' returned many:1 mapping between keys and columns
'select()' returned 1:1 mapping between keys and columns
'select()' returned 1:1 mapping between keys and columns
'select()' returned many:1 mapping between keys and columns
'select()' returned many:1 mapping between keys and columns
'select()' returned 1:1 mapping between keys and columns
Finished Lambda_GC calculation for PKLE_FL50 using 0 PCs.
Finished Lambda_GC calculation for PKLE_FL50 using 1 PCs.
Finished Lambda_GC calculation for PKLE_FL50 using 2 PCs.
Finished Lambda_GC calculation for PKLE_FL50 using 3 PCs.
Finished Lambda_GC calculation for PKLE_FL50 using 4 PCs.
Finished Lambda_GC calculation for PKLE_FL50 using 5 PCs.
Finished Lambda_GC calculation for PKLE_FL50 using 6 PCs.
Finished Lambda_GC calculation for PKLE_FL50 using 7 PCs.
Finished Lambda_GC calculation for PKLE_FL50 using 8 PCs.
Finished Lambda_GC calculation for PKLE_FL50 using 9 PCs.
Finished Lambda_GC calculation for PKLE_FL50 using 10 PCs.
Finished Lambda_GC calculation for PKLE_FL50 using 11 PCs.
Finished Lambda_GC calculation for PKLE_FL50 using 12 PCs.
Finished Lambda_GC calculation for PKLE_FL50 using 13 PCs.
Finished Lambda_GC calculation for PKLE_FL50 using 14 PCs.
Finished Lambda_GC calculation for PKLE_FL50 using 15 PCs.
Finished Lambda_GC calculation for PKLE_FL50 using 16 PCs.
Finished Lambda_GC calculation for PKLE_FL50 using 17 PCs.
Finished Lambda_GC calculation for PKLE_FL50 using 18 PCs.
Finished Lambda_GC calculation for PKLE_FL50 using 19 PCs.
Finished Lambda_GC calculation for PKLE_FL50 using 20 PCs.
Finished phenotype 1: PKLE_FL50
[1] "saveoutput is FALSE so GWAS object will not be saved to disk."
'select()' returned 1:1 mapping between keys and columns
'select()' returned 1:1 mapping between keys and columns
'select()' returned 1:1 mapping between keys and columns
'select()' returned many:1 mapping between keys and columns
'select()' returned many:1 mapping between keys and columns
'select()' returned many:1 mapping between keys and columns
'select()' returned many:1 mapping between keys and columns
'select()' returned many:1 mapping between keys and columns
'select()' returned 1:1 mapping between keys and columns
'select()' returned many:1 mapping between keys and columns
'select()' returned many:1 mapping between keys and columns
'select()' returned many:1 mapping between keys and columns
'select()' returned many:1 mapping between keys and columns
Finished Lambda_GC calculation for STIL_FL50 using 0 PCs.
Finished Lambda_GC calculation for STIL_FL50 using 1 PCs.
Finished Lambda_GC calculation for STIL_FL50 using 2 PCs.
Finished Lambda_GC calculation for STIL_FL50 using 3 PCs.
Finished Lambda_GC calculation for STIL_FL50 using 4 PCs.
Finished Lambda_GC calculation for STIL_FL50 using 5 PCs.
Finished Lambda_GC calculation for STIL_FL50 using 6 PCs.
Finished Lambda_GC calculation for STIL_FL50 using 7 PCs.
Finished Lambda_GC calculation for STIL_FL50 using 8 PCs.
Finished Lambda_GC calculation for STIL_FL50 using 9 PCs.
Finished Lambda_GC calculation for STIL_FL50 using 10 PCs.
Finished Lambda_GC calculation for STIL_FL50 using 11 PCs.
Finished Lambda_GC calculation for STIL_FL50 using 12 PCs.
Finished Lambda_GC calculation for STIL_FL50 using 13 PCs.
Finished Lambda_GC calculation for STIL_FL50 using 14 PCs.
Finished Lambda_GC calculation for STIL_FL50 using 15 PCs.
Finished Lambda_GC calculation for STIL_FL50 using 16 PCs.
Finished Lambda_GC calculation for STIL_FL50 using 17 PCs.
Finished Lambda_GC calculation for STIL_FL50 using 18 PCs.
Finished Lambda_GC calculation for STIL_FL50 using 19 PCs.
Finished Lambda_GC calculation for STIL_FL50 using 20 PCs.
Finished phenotype 1: STIL_FL50
[1] "saveoutput is FALSE so GWAS object will not be saved to disk."
'select()' returned 1:1 mapping between keys and columns
'select()' returned 1:1 mapping between keys and columns
'select()' returned many:1 mapping between keys and columns
'select()' returned 1:1 mapping between keys and columns
'select()' returned many:1 mapping between keys and columns
'select()' returned many:1 mapping between keys and columns
'select()' returned many:1 mapping between keys and columns
'select()' returned 1:1 mapping between keys and columns
'select()' returned many:1 mapping between keys and columns
'select()' returned many:1 mapping between keys and columns
'select()' returned many:1 mapping between keys and columns
'select()' returned many:1 mapping between keys and columns
Finished Lambda_GC calculation for TMPL_FL50 using 0 PCs.
Finished Lambda_GC calculation for TMPL_FL50 using 1 PCs.
Finished Lambda_GC calculation for TMPL_FL50 using 2 PCs.
Finished Lambda_GC calculation for TMPL_FL50 using 3 PCs.
Finished Lambda_GC calculation for TMPL_FL50 using 4 PCs.
Finished Lambda_GC calculation for TMPL_FL50 using 5 PCs.
Finished Lambda_GC calculation for TMPL_FL50 using 6 PCs.
Finished Lambda_GC calculation for TMPL_FL50 using 7 PCs.
Finished Lambda_GC calculation for TMPL_FL50 using 8 PCs.
Finished Lambda_GC calculation for TMPL_FL50 using 9 PCs.
Finished Lambda_GC calculation for TMPL_FL50 using 10 PCs.
Finished Lambda_GC calculation for TMPL_FL50 using 11 PCs.
Finished Lambda_GC calculation for TMPL_FL50 using 12 PCs.
Finished Lambda_GC calculation for TMPL_FL50 using 13 PCs.
Finished Lambda_GC calculation for TMPL_FL50 using 14 PCs.
Finished Lambda_GC calculation for TMPL_FL50 using 15 PCs.
Finished Lambda_GC calculation for TMPL_FL50 using 16 PCs.
Finished Lambda_GC calculation for TMPL_FL50 using 17 PCs.
Finished Lambda_GC calculation for TMPL_FL50 using 18 PCs.
Finished Lambda_GC calculation for TMPL_FL50 using 19 PCs.
Finished Lambda_GC calculation for TMPL_FL50 using 20 PCs.
Finished phenotype 1: TMPL_FL50
[1] "saveoutput is FALSE so GWAS object will not be saved to disk."
'select()' returned 1:1 mapping between keys and columns
'select()' returned many:1 mapping between keys and columns
'select()' returned many:1 mapping between keys and columns
'select()' returned many:1 mapping between keys and columns
'select()' returned many:1 mapping between keys and columns
'select()' returned 1:1 mapping between keys and columns
'select()' returned many:1 mapping between keys and columns
'select()' returned many:1 mapping between keys and columns
'select()' returned many:1 mapping between keys and columns
'select()' returned many:1 mapping between keys and columns
Finished Lambda_GC calculation for BRKG_GR50 using 0 PCs.
Finished Lambda_GC calculation for BRKG_GR50 using 1 PCs.
Finished Lambda_GC calculation for BRKG_GR50 using 2 PCs.
Finished Lambda_GC calculation for BRKG_GR50 using 3 PCs.
Finished Lambda_GC calculation for BRKG_GR50 using 4 PCs.
Finished Lambda_GC calculation for BRKG_GR50 using 5 PCs.
Finished Lambda_GC calculation for BRKG_GR50 using 6 PCs.
Finished Lambda_GC calculation for BRKG_GR50 using 7 PCs.
Finished Lambda_GC calculation for BRKG_GR50 using 8 PCs.
Finished Lambda_GC calculation for BRKG_GR50 using 9 PCs.
Finished Lambda_GC calculation for BRKG_GR50 using 10 PCs.
Finished Lambda_GC calculation for BRKG_GR50 using 11 PCs.
Finished Lambda_GC calculation for BRKG_GR50 using 12 PCs.
Finished Lambda_GC calculation for BRKG_GR50 using 13 PCs.
Finished Lambda_GC calculation for BRKG_GR50 using 14 PCs.
Finished Lambda_GC calculation for BRKG_GR50 using 15 PCs.
Finished Lambda_GC calculation for BRKG_GR50 using 16 PCs.
Finished Lambda_GC calculation for BRKG_GR50 using 17 PCs.
Finished Lambda_GC calculation for BRKG_GR50 using 18 PCs.
Finished Lambda_GC calculation for BRKG_GR50 using 19 PCs.
Finished Lambda_GC calculation for BRKG_GR50 using 20 PCs.
Finished phenotype 1: BRKG_GR50
[1] "saveoutput is FALSE so GWAS object will not be saved to disk."
'select()' returned 1:1 mapping between keys and columns
'select()' returned many:1 mapping between keys and columns
'select()' returned many:1 mapping between keys and columns
'select()' returned many:1 mapping between keys and columns
'select()' returned many:1 mapping between keys and columns
'select()' returned many:1 mapping between keys and columns
'select()' returned many:1 mapping between keys and columns
'select()' returned many:1 mapping between keys and columns
Finished Lambda_GC calculation for CLMB_GR50 using 0 PCs.
Finished Lambda_GC calculation for CLMB_GR50 using 1 PCs.
Finished Lambda_GC calculation for CLMB_GR50 using 2 PCs.
Finished Lambda_GC calculation for CLMB_GR50 using 3 PCs.
Finished Lambda_GC calculation for CLMB_GR50 using 4 PCs.
Finished Lambda_GC calculation for CLMB_GR50 using 5 PCs.
Finished Lambda_GC calculation for CLMB_GR50 using 6 PCs.
Finished Lambda_GC calculation for CLMB_GR50 using 7 PCs.
Finished Lambda_GC calculation for CLMB_GR50 using 8 PCs.
Finished Lambda_GC calculation for CLMB_GR50 using 9 PCs.
Finished Lambda_GC calculation for CLMB_GR50 using 10 PCs.
Finished Lambda_GC calculation for CLMB_GR50 using 11 PCs.
Finished Lambda_GC calculation for CLMB_GR50 using 12 PCs.
Finished Lambda_GC calculation for CLMB_GR50 using 13 PCs.
Finished Lambda_GC calculation for CLMB_GR50 using 14 PCs.
Finished Lambda_GC calculation for CLMB_GR50 using 15 PCs.
Finished Lambda_GC calculation for CLMB_GR50 using 16 PCs.
Finished Lambda_GC calculation for CLMB_GR50 using 17 PCs.
Finished Lambda_GC calculation for CLMB_GR50 using 18 PCs.
Finished Lambda_GC calculation for CLMB_GR50 using 19 PCs.
Finished Lambda_GC calculation for CLMB_GR50 using 20 PCs.
Finished phenotype 1: CLMB_GR50
[1] "saveoutput is FALSE so GWAS object will not be saved to disk."
'select()' returned many:1 mapping between keys and columns
'select()' returned many:1 mapping between keys and columns
'select()' returned many:1 mapping between keys and columns
'select()' returned many:1 mapping between keys and columns
'select()' returned many:1 mapping between keys and columns
'select()' returned many:1 mapping between keys and columns
'select()' returned many:1 mapping between keys and columns
'select()' returned many:1 mapping between keys and columns
'select()' returned 1:1 mapping between keys and columns
'select()' returned many:1 mapping between keys and columns
'select()' returned many:1 mapping between keys and columns
'select()' returned many:1 mapping between keys and columns
'select()' returned many:1 mapping between keys and columns
Finished Lambda_GC calculation for FRMI_GR50 using 0 PCs.
Finished Lambda_GC calculation for FRMI_GR50 using 1 PCs.
Finished Lambda_GC calculation for FRMI_GR50 using 2 PCs.
Finished Lambda_GC calculation for FRMI_GR50 using 3 PCs.
Finished Lambda_GC calculation for FRMI_GR50 using 4 PCs.
Finished Lambda_GC calculation for FRMI_GR50 using 5 PCs.
Finished Lambda_GC calculation for FRMI_GR50 using 6 PCs.
Finished Lambda_GC calculation for FRMI_GR50 using 7 PCs.
Finished Lambda_GC calculation for FRMI_GR50 using 8 PCs.
Finished Lambda_GC calculation for FRMI_GR50 using 9 PCs.
Finished Lambda_GC calculation for FRMI_GR50 using 10 PCs.
Finished Lambda_GC calculation for FRMI_GR50 using 11 PCs.
Finished Lambda_GC calculation for FRMI_GR50 using 12 PCs.
Finished Lambda_GC calculation for FRMI_GR50 using 13 PCs.
Finished Lambda_GC calculation for FRMI_GR50 using 14 PCs.
Finished Lambda_GC calculation for FRMI_GR50 using 15 PCs.
Finished Lambda_GC calculation for FRMI_GR50 using 16 PCs.
Finished Lambda_GC calculation for FRMI_GR50 using 17 PCs.
Finished Lambda_GC calculation for FRMI_GR50 using 18 PCs.
Finished Lambda_GC calculation for FRMI_GR50 using 19 PCs.
Finished Lambda_GC calculation for FRMI_GR50 using 20 PCs.
Finished phenotype 1: FRMI_GR50
[1] "saveoutput is FALSE so GWAS object will not be saved to disk."
'select()' returned 1:1 mapping between keys and columns
'select()' returned 1:1 mapping between keys and columns
'select()' returned 1:1 mapping between keys and columns
'select()' returned many:1 mapping between keys and columns
'select()' returned many:1 mapping between keys and columns
'select()' returned many:1 mapping between keys and columns
'select()' returned many:1 mapping between keys and columns
'select()' returned 1:1 mapping between keys and columns
'select()' returned many:1 mapping between keys and columns
'select()' returned many:1 mapping between keys and columns
'select()' returned many:1 mapping between keys and columns
'select()' returned many:1 mapping between keys and columns
Finished Lambda_GC calculation for KBSM_GR50 using 0 PCs.
Finished Lambda_GC calculation for KBSM_GR50 using 1 PCs.
Finished Lambda_GC calculation for KBSM_GR50 using 2 PCs.
Finished Lambda_GC calculation for KBSM_GR50 using 3 PCs.
Finished Lambda_GC calculation for KBSM_GR50 using 4 PCs.
Finished Lambda_GC calculation for KBSM_GR50 using 5 PCs.
Finished Lambda_GC calculation for KBSM_GR50 using 6 PCs.
Finished Lambda_GC calculation for KBSM_GR50 using 7 PCs.
Finished Lambda_GC calculation for KBSM_GR50 using 8 PCs.
Finished Lambda_GC calculation for KBSM_GR50 using 9 PCs.
Finished Lambda_GC calculation for KBSM_GR50 using 10 PCs.
Finished Lambda_GC calculation for KBSM_GR50 using 11 PCs.
Finished Lambda_GC calculation for KBSM_GR50 using 12 PCs.
Finished Lambda_GC calculation for KBSM_GR50 using 13 PCs.
Finished Lambda_GC calculation for KBSM_GR50 using 14 PCs.
Finished Lambda_GC calculation for KBSM_GR50 using 15 PCs.
Finished Lambda_GC calculation for KBSM_GR50 using 16 PCs.
Finished Lambda_GC calculation for KBSM_GR50 using 17 PCs.
Finished Lambda_GC calculation for KBSM_GR50 using 18 PCs.
Finished Lambda_GC calculation for KBSM_GR50 using 19 PCs.
Finished Lambda_GC calculation for KBSM_GR50 using 20 PCs.
Finished phenotype 1: KBSM_GR50
[1] "saveoutput is FALSE so GWAS object will not be saved to disk."
'select()' returned many:1 mapping between keys and columns
'select()' returned 1:1 mapping between keys and columns
'select()' returned many:1 mapping between keys and columns
'select()' returned many:1 mapping between keys and columns
'select()' returned 1:1 mapping between keys and columns
'select()' returned many:1 mapping between keys and columns
'select()' returned many:1 mapping between keys and columns
'select()' returned many:1 mapping between keys and columns
'select()' returned many:1 mapping between keys and columns
Finished Lambda_GC calculation for KING_GR50 using 0 PCs.
Finished Lambda_GC calculation for KING_GR50 using 1 PCs.
Finished Lambda_GC calculation for KING_GR50 using 2 PCs.
Finished Lambda_GC calculation for KING_GR50 using 3 PCs.
Finished Lambda_GC calculation for KING_GR50 using 4 PCs.
Finished Lambda_GC calculation for KING_GR50 using 5 PCs.
Finished Lambda_GC calculation for KING_GR50 using 6 PCs.
Finished Lambda_GC calculation for KING_GR50 using 7 PCs.
Finished Lambda_GC calculation for KING_GR50 using 8 PCs.
Finished Lambda_GC calculation for KING_GR50 using 9 PCs.
Finished Lambda_GC calculation for KING_GR50 using 10 PCs.
Finished Lambda_GC calculation for KING_GR50 using 11 PCs.
Finished Lambda_GC calculation for KING_GR50 using 12 PCs.
Finished Lambda_GC calculation for KING_GR50 using 13 PCs.
Finished Lambda_GC calculation for KING_GR50 using 14 PCs.
Finished Lambda_GC calculation for KING_GR50 using 15 PCs.
Finished Lambda_GC calculation for KING_GR50 using 16 PCs.
Finished Lambda_GC calculation for KING_GR50 using 17 PCs.
Finished Lambda_GC calculation for KING_GR50 using 18 PCs.
Finished Lambda_GC calculation for KING_GR50 using 19 PCs.
Finished Lambda_GC calculation for KING_GR50 using 20 PCs.
Finished phenotype 1: KING_GR50
[1] "saveoutput is FALSE so GWAS object will not be saved to disk."
'select()' returned 1:1 mapping between keys and columns
'select()' returned 1:1 mapping between keys and columns
'select()' returned many:1 mapping between keys and columns
'select()' returned many:1 mapping between keys and columns
'select()' returned many:1 mapping between keys and columns
'select()' returned many:1 mapping between keys and columns
'select()' returned 1:1 mapping between keys and columns
'select()' returned many:1 mapping between keys and columns
'select()' returned many:1 mapping between keys and columns
'select()' returned many:1 mapping between keys and columns
'select()' returned many:1 mapping between keys and columns
Finished Lambda_GC calculation for LINC_GR50 using 0 PCs.
Finished Lambda_GC calculation for LINC_GR50 using 1 PCs.
Finished Lambda_GC calculation for LINC_GR50 using 2 PCs.
Finished Lambda_GC calculation for LINC_GR50 using 3 PCs.
Finished Lambda_GC calculation for LINC_GR50 using 4 PCs.
Finished Lambda_GC calculation for LINC_GR50 using 5 PCs.
Finished Lambda_GC calculation for LINC_GR50 using 6 PCs.
Finished Lambda_GC calculation for LINC_GR50 using 7 PCs.
Finished Lambda_GC calculation for LINC_GR50 using 8 PCs.
Finished Lambda_GC calculation for LINC_GR50 using 9 PCs.
Finished Lambda_GC calculation for LINC_GR50 using 10 PCs.
Finished Lambda_GC calculation for LINC_GR50 using 11 PCs.
Finished Lambda_GC calculation for LINC_GR50 using 12 PCs.
Finished Lambda_GC calculation for LINC_GR50 using 13 PCs.
Finished Lambda_GC calculation for LINC_GR50 using 14 PCs.
Finished Lambda_GC calculation for LINC_GR50 using 15 PCs.
Finished Lambda_GC calculation for LINC_GR50 using 16 PCs.
Finished Lambda_GC calculation for LINC_GR50 using 17 PCs.
Finished Lambda_GC calculation for LINC_GR50 using 18 PCs.
Finished Lambda_GC calculation for LINC_GR50 using 19 PCs.
Finished Lambda_GC calculation for LINC_GR50 using 20 PCs.
Finished phenotype 1: LINC_GR50
[1] "saveoutput is FALSE so GWAS object will not be saved to disk."
'select()' returned many:1 mapping between keys and columns
'select()' returned many:1 mapping between keys and columns
'select()' returned many:1 mapping between keys and columns
'select()' returned many:1 mapping between keys and columns
'select()' returned many:1 mapping between keys and columns
'select()' returned many:1 mapping between keys and columns
'select()' returned many:1 mapping between keys and columns
Finished Lambda_GC calculation for OVTN_GR50 using 0 PCs.
Finished Lambda_GC calculation for OVTN_GR50 using 1 PCs.
Finished Lambda_GC calculation for OVTN_GR50 using 2 PCs.
Finished Lambda_GC calculation for OVTN_GR50 using 3 PCs.
Finished Lambda_GC calculation for OVTN_GR50 using 4 PCs.
Finished Lambda_GC calculation for OVTN_GR50 using 5 PCs.
Finished Lambda_GC calculation for OVTN_GR50 using 6 PCs.
Finished Lambda_GC calculation for OVTN_GR50 using 7 PCs.
Finished Lambda_GC calculation for OVTN_GR50 using 8 PCs.
Finished Lambda_GC calculation for OVTN_GR50 using 9 PCs.
Finished Lambda_GC calculation for OVTN_GR50 using 10 PCs.
Finished Lambda_GC calculation for OVTN_GR50 using 11 PCs.
Finished Lambda_GC calculation for OVTN_GR50 using 12 PCs.
Finished Lambda_GC calculation for OVTN_GR50 using 13 PCs.
Finished Lambda_GC calculation for OVTN_GR50 using 14 PCs.
Finished Lambda_GC calculation for OVTN_GR50 using 15 PCs.
Finished Lambda_GC calculation for OVTN_GR50 using 16 PCs.
Finished Lambda_GC calculation for OVTN_GR50 using 17 PCs.
Finished Lambda_GC calculation for OVTN_GR50 using 18 PCs.
Finished Lambda_GC calculation for OVTN_GR50 using 19 PCs.
Finished Lambda_GC calculation for OVTN_GR50 using 20 PCs.
Finished phenotype 1: OVTN_GR50
[1] "saveoutput is FALSE so GWAS object will not be saved to disk."
'select()' returned 1:1 mapping between keys and columns
'select()' returned many:1 mapping between keys and columns
'select()' returned many:1 mapping between keys and columns
'select()' returned many:1 mapping between keys and columns
'select()' returned many:1 mapping between keys and columns
'select()' returned many:1 mapping between keys and columns
'select()' returned many:1 mapping between keys and columns
'select()' returned many:1 mapping between keys and columns
'select()' returned many:1 mapping between keys and columns
'select()' returned many:1 mapping between keys and columns
'select()' returned many:1 mapping between keys and columns
Finished Lambda_GC calculation for PKLE_GR50 using 0 PCs.
Finished Lambda_GC calculation for PKLE_GR50 using 1 PCs.
Finished Lambda_GC calculation for PKLE_GR50 using 2 PCs.
Finished Lambda_GC calculation for PKLE_GR50 using 3 PCs.
Finished Lambda_GC calculation for PKLE_GR50 using 4 PCs.
Finished Lambda_GC calculation for PKLE_GR50 using 5 PCs.
Finished Lambda_GC calculation for PKLE_GR50 using 6 PCs.
Finished Lambda_GC calculation for PKLE_GR50 using 7 PCs.
Finished Lambda_GC calculation for PKLE_GR50 using 8 PCs.
Finished Lambda_GC calculation for PKLE_GR50 using 9 PCs.
Finished Lambda_GC calculation for PKLE_GR50 using 10 PCs.
Finished Lambda_GC calculation for PKLE_GR50 using 11 PCs.
Finished Lambda_GC calculation for PKLE_GR50 using 12 PCs.
Finished Lambda_GC calculation for PKLE_GR50 using 13 PCs.
Finished Lambda_GC calculation for PKLE_GR50 using 14 PCs.
Finished Lambda_GC calculation for PKLE_GR50 using 15 PCs.
Finished Lambda_GC calculation for PKLE_GR50 using 16 PCs.
Finished Lambda_GC calculation for PKLE_GR50 using 17 PCs.
Finished Lambda_GC calculation for PKLE_GR50 using 18 PCs.
Finished Lambda_GC calculation for PKLE_GR50 using 19 PCs.
Finished Lambda_GC calculation for PKLE_GR50 using 20 PCs.
Finished phenotype 1: PKLE_GR50
[1] "saveoutput is FALSE so GWAS object will not be saved to disk."
'select()' returned 1:1 mapping between keys and columns
'select()' returned 1:1 mapping between keys and columns
'select()' returned 1:1 mapping between keys and columns
'select()' returned many:1 mapping between keys and columns
'select()' returned many:1 mapping between keys and columns
'select()' returned many:1 mapping between keys and columns
'select()' returned 1:1 mapping between keys and columns
'select()' returned 1:1 mapping between keys and columns
'select()' returned many:1 mapping between keys and columns
'select()' returned many:1 mapping between keys and columns
'select()' returned 1:1 mapping between keys and columns
Finished Lambda_GC calculation for STIL_GR50 using 0 PCs.
Finished Lambda_GC calculation for STIL_GR50 using 1 PCs.
Finished Lambda_GC calculation for STIL_GR50 using 2 PCs.
Finished Lambda_GC calculation for STIL_GR50 using 3 PCs.
Finished Lambda_GC calculation for STIL_GR50 using 4 PCs.
Finished Lambda_GC calculation for STIL_GR50 using 5 PCs.
Finished Lambda_GC calculation for STIL_GR50 using 6 PCs.
Finished Lambda_GC calculation for STIL_GR50 using 7 PCs.
Finished Lambda_GC calculation for STIL_GR50 using 8 PCs.
Finished Lambda_GC calculation for STIL_GR50 using 9 PCs.
Finished Lambda_GC calculation for STIL_GR50 using 10 PCs.
Finished Lambda_GC calculation for STIL_GR50 using 11 PCs.
Finished Lambda_GC calculation for STIL_GR50 using 12 PCs.
Finished Lambda_GC calculation for STIL_GR50 using 13 PCs.
Finished Lambda_GC calculation for STIL_GR50 using 14 PCs.
Finished Lambda_GC calculation for STIL_GR50 using 15 PCs.
Finished Lambda_GC calculation for STIL_GR50 using 16 PCs.
Finished Lambda_GC calculation for STIL_GR50 using 17 PCs.
Finished Lambda_GC calculation for STIL_GR50 using 18 PCs.
Finished Lambda_GC calculation for STIL_GR50 using 19 PCs.
Finished Lambda_GC calculation for STIL_GR50 using 20 PCs.
Finished phenotype 1: STIL_GR50
[1] "saveoutput is FALSE so GWAS object will not be saved to disk."
'select()' returned 1:1 mapping between keys and columns
'select()' returned 1:1 mapping between keys and columns
'select()' returned 1:1 mapping between keys and columns
'select()' returned many:1 mapping between keys and columns
'select()' returned many:1 mapping between keys and columns
'select()' returned many:1 mapping between keys and columns
'select()' returned many:1 mapping between keys and columns
'select()' returned many:1 mapping between keys and columns
Finished Lambda_GC calculation for TMPL_GR50 using 0 PCs.
Finished Lambda_GC calculation for TMPL_GR50 using 1 PCs.
Finished Lambda_GC calculation for TMPL_GR50 using 2 PCs.
Finished Lambda_GC calculation for TMPL_GR50 using 3 PCs.
Finished Lambda_GC calculation for TMPL_GR50 using 4 PCs.
Finished Lambda_GC calculation for TMPL_GR50 using 5 PCs.
Finished Lambda_GC calculation for TMPL_GR50 using 6 PCs.
Finished Lambda_GC calculation for TMPL_GR50 using 7 PCs.
Finished Lambda_GC calculation for TMPL_GR50 using 8 PCs.
Finished Lambda_GC calculation for TMPL_GR50 using 9 PCs.
Finished Lambda_GC calculation for TMPL_GR50 using 10 PCs.
Finished Lambda_GC calculation for TMPL_GR50 using 11 PCs.
Finished Lambda_GC calculation for TMPL_GR50 using 12 PCs.
Finished Lambda_GC calculation for TMPL_GR50 using 13 PCs.
Finished Lambda_GC calculation for TMPL_GR50 using 14 PCs.
Finished Lambda_GC calculation for TMPL_GR50 using 15 PCs.
Finished Lambda_GC calculation for TMPL_GR50 using 16 PCs.
Finished Lambda_GC calculation for TMPL_GR50 using 17 PCs.
Finished Lambda_GC calculation for TMPL_GR50 using 18 PCs.
Finished Lambda_GC calculation for TMPL_GR50 using 19 PCs.
Finished Lambda_GC calculation for TMPL_GR50 using 20 PCs.
Finished phenotype 1: TMPL_GR50
[1] "saveoutput is FALSE so GWAS object will not be saved to disk."
'select()' returned many:1 mapping between keys and columns
'select()' returned 1:1 mapping between keys and columns
'select()' returned 1:1 mapping between keys and columns
'select()' returned many:1 mapping between keys and columns
'select()' returned many:1 mapping between keys and columns
'select()' returned many:1 mapping between keys and columns
'select()' returned many:1 mapping between keys and columns
'select()' returned 1:1 mapping between keys and columns
'select()' returned many:1 mapping between keys and columns
'select()' returned many:1 mapping between keys and columns
'select()' returned many:1 mapping between keys and columns
'select()' returned many:1 mapping between keys and columns
Finished Lambda_GC calculation for CLMB_SEN50 using 0 PCs.
Finished Lambda_GC calculation for CLMB_SEN50 using 1 PCs.
Finished Lambda_GC calculation for CLMB_SEN50 using 2 PCs.
Finished Lambda_GC calculation for CLMB_SEN50 using 3 PCs.
Finished Lambda_GC calculation for CLMB_SEN50 using 4 PCs.
Finished Lambda_GC calculation for CLMB_SEN50 using 5 PCs.
Finished Lambda_GC calculation for CLMB_SEN50 using 6 PCs.
Finished Lambda_GC calculation for CLMB_SEN50 using 7 PCs.
Finished Lambda_GC calculation for CLMB_SEN50 using 8 PCs.
Finished Lambda_GC calculation for CLMB_SEN50 using 9 PCs.
Finished Lambda_GC calculation for CLMB_SEN50 using 10 PCs.
Finished Lambda_GC calculation for CLMB_SEN50 using 11 PCs.
Finished Lambda_GC calculation for CLMB_SEN50 using 12 PCs.
Finished Lambda_GC calculation for CLMB_SEN50 using 13 PCs.
Finished Lambda_GC calculation for CLMB_SEN50 using 14 PCs.
Finished Lambda_GC calculation for CLMB_SEN50 using 15 PCs.
Finished Lambda_GC calculation for CLMB_SEN50 using 16 PCs.
Finished Lambda_GC calculation for CLMB_SEN50 using 17 PCs.
Finished Lambda_GC calculation for CLMB_SEN50 using 18 PCs.
Finished Lambda_GC calculation for CLMB_SEN50 using 19 PCs.
Finished Lambda_GC calculation for CLMB_SEN50 using 20 PCs.
Finished phenotype 1: CLMB_SEN50
[1] "saveoutput is FALSE so GWAS object will not be saved to disk."
'select()' returned many:1 mapping between keys and columns
'select()' returned many:1 mapping between keys and columns
'select()' returned many:1 mapping between keys and columns
'select()' returned many:1 mapping between keys and columns
'select()' returned many:1 mapping between keys and columns
'select()' returned many:1 mapping between keys and columns
'select()' returned many:1 mapping between keys and columns
'select()' returned many:1 mapping between keys and columns
'select()' returned many:1 mapping between keys and columns
'select()' returned many:1 mapping between keys and columns
'select()' returned many:1 mapping between keys and columns
Finished Lambda_GC calculation for KBSM_SEN50 using 0 PCs.
Finished Lambda_GC calculation for KBSM_SEN50 using 1 PCs.
Finished Lambda_GC calculation for KBSM_SEN50 using 2 PCs.
Finished Lambda_GC calculation for KBSM_SEN50 using 3 PCs.
Finished Lambda_GC calculation for KBSM_SEN50 using 4 PCs.
Finished Lambda_GC calculation for KBSM_SEN50 using 5 PCs.
Finished Lambda_GC calculation for KBSM_SEN50 using 6 PCs.
Finished Lambda_GC calculation for KBSM_SEN50 using 7 PCs.
Finished Lambda_GC calculation for KBSM_SEN50 using 8 PCs.
Finished Lambda_GC calculation for KBSM_SEN50 using 9 PCs.
Finished Lambda_GC calculation for KBSM_SEN50 using 10 PCs.
Finished Lambda_GC calculation for KBSM_SEN50 using 11 PCs.
Finished Lambda_GC calculation for KBSM_SEN50 using 12 PCs.
Finished Lambda_GC calculation for KBSM_SEN50 using 13 PCs.
Finished Lambda_GC calculation for KBSM_SEN50 using 14 PCs.
Finished Lambda_GC calculation for KBSM_SEN50 using 15 PCs.
Finished Lambda_GC calculation for KBSM_SEN50 using 16 PCs.
Finished Lambda_GC calculation for KBSM_SEN50 using 17 PCs.
Finished Lambda_GC calculation for KBSM_SEN50 using 18 PCs.
Finished Lambda_GC calculation for KBSM_SEN50 using 19 PCs.
Finished Lambda_GC calculation for KBSM_SEN50 using 20 PCs.
Finished phenotype 1: KBSM_SEN50
[1] "saveoutput is FALSE so GWAS object will not be saved to disk."
'select()' returned 1:1 mapping between keys and columns
'select()' returned 1:1 mapping between keys and columns
'select()' returned 1:1 mapping between keys and columns
'select()' returned many:1 mapping between keys and columns
'select()' returned many:1 mapping between keys and columns
'select()' returned many:1 mapping between keys and columns
'select()' returned 1:1 mapping between keys and columns
'select()' returned many:1 mapping between keys and columns
Finished Lambda_GC calculation for KING_SEN50 using 0 PCs.
Finished Lambda_GC calculation for KING_SEN50 using 1 PCs.
Finished Lambda_GC calculation for KING_SEN50 using 2 PCs.
Finished Lambda_GC calculation for KING_SEN50 using 3 PCs.
Finished Lambda_GC calculation for KING_SEN50 using 4 PCs.
Finished Lambda_GC calculation for KING_SEN50 using 5 PCs.
Finished Lambda_GC calculation for KING_SEN50 using 6 PCs.
Finished Lambda_GC calculation for KING_SEN50 using 7 PCs.
Finished Lambda_GC calculation for KING_SEN50 using 8 PCs.
Finished Lambda_GC calculation for KING_SEN50 using 9 PCs.
Finished Lambda_GC calculation for KING_SEN50 using 10 PCs.
Finished Lambda_GC calculation for KING_SEN50 using 11 PCs.
Finished Lambda_GC calculation for KING_SEN50 using 12 PCs.
Finished Lambda_GC calculation for KING_SEN50 using 13 PCs.
Finished Lambda_GC calculation for KING_SEN50 using 14 PCs.
Finished Lambda_GC calculation for KING_SEN50 using 15 PCs.
Finished Lambda_GC calculation for KING_SEN50 using 16 PCs.
Finished Lambda_GC calculation for KING_SEN50 using 17 PCs.
Finished Lambda_GC calculation for KING_SEN50 using 18 PCs.
Finished Lambda_GC calculation for KING_SEN50 using 19 PCs.
Finished Lambda_GC calculation for KING_SEN50 using 20 PCs.
Finished phenotype 1: KING_SEN50
[1] "saveoutput is FALSE so GWAS object will not be saved to disk."
'select()' returned 1:1 mapping between keys and columns
'select()' returned many:1 mapping between keys and columns
'select()' returned 1:1 mapping between keys and columns
'select()' returned 1:1 mapping between keys and columns
'select()' returned 1:1 mapping between keys and columns
'select()' returned many:1 mapping between keys and columns
'select()' returned many:1 mapping between keys and columns
'select()' returned many:1 mapping between keys and columns
'select()' returned 1:1 mapping between keys and columns
'select()' returned many:1 mapping between keys and columns
'select()' returned many:1 mapping between keys and columns
'select()' returned many:1 mapping between keys and columns
'select()' returned many:1 mapping between keys and columns
Error: 'y.train' should be composed of different values.
In addition: There were 50 or more warnings (use warnings() to see the first 50)
Execution halted
